<?xml version="1.0" encoding="UTF-8"?>
<!-- Generated by org.testng.reporters.JUnitReportReporter -->
<testsuite hostname="DC5CG138867R" failures="0" tests="1" name="TC002_Post_Request" time="2.255" errors="0" timestamp="2022-03-23T13:32:34 NZDT" skipped="0">
  <testcase classname="TC002_Post_Request" name="RegistrationSuccessful" time="2.255"/>
  <system-out/>
</testsuite> <!-- TC002_Post_Request -->
