<?xml version="1.0" encoding="UTF-8"?>
<!-- Generated by org.testng.reporters.JUnitReportReporter -->
<testsuite hostname="DC5CG138867R" failures="0" tests="1" name="TC004_Put_Request" time="2.272" errors="0" timestamp="2022-03-23T13:30:19 NZDT" skipped="0">
  <testcase classname="TC004_Put_Request" name="RegistrationSuccessful" time="2.272"/>
  <system-out/>
</testsuite> <!-- TC004_Put_Request -->
