<?xml version="1.0" encoding="UTF-8"?>
<!-- Generated by org.testng.reporters.JUnitReportReporter -->
<testsuite hostname="DC5CG138867R" failures="0" tests="1" name="TC001_Get_Request" time="2.002" errors="0" timestamp="2022-03-23T13:33:14 NZDT" skipped="0">
  <testcase classname="TC001_Get_Request" name="getUserDetails" time="2.002"/>
  <system-out/>
</testsuite> <!-- TC001_Get_Request -->
