<?xml version="1.0" encoding="UTF-8"?>
<!-- Generated by org.testng.reporters.JUnitReportReporter -->
<testsuite hostname="DC5CG138867R" failures="0" tests="1" name="SumValidation" time="2.104" errors="0" timestamp="2022-03-28T10:18:10 NZDT" skipped="0">
  <testcase classname="SumValidation" name="sumOfCourses" time="2.104"/>
  <system-out/>
</testsuite> <!-- SumValidation -->
