<?xml version="1.0" encoding="UTF-8"?>
<!-- Generated by org.testng.reporters.JUnitReportReporter -->
<testsuite hostname="DC5CG138867R" failures="0" tests="6" name="files.DynamicJson" time="7.780" errors="0" timestamp="2022-03-28T11:40:30 NZDT" skipped="0">
  <testcase classname="files.DynamicJson" name="addBook" time="0.917"/>
  <system-out/>
  <testcase classname="files.DynamicJson" name="addBook" time="3.356"/>
  <system-out/>
  <testcase classname="files.DynamicJson" name="addBook" time="0.881"/>
  <system-out/>
  <testcase classname="files.DynamicJson" name="deleteBook" time="0.904"/>
  <system-out/>
  <testcase classname="files.DynamicJson" name="deleteBook" time="0.919"/>
  <system-out/>
  <testcase classname="files.DynamicJson" name="deleteBook" time="0.803"/>
  <system-out/>
</testsuite> <!-- files.DynamicJson -->
