<?xml version="1.0" encoding="UTF-8"?>
<!-- Generated by org.testng.reporters.JUnitReportReporter -->
<testsuite hostname="DC5CG138867R" failures="0" tests="1" name="demo.SumValidation" time="1.032" errors="0" timestamp="2022-03-30T09:47:22 NZDT" skipped="0">
  <testcase classname="demo.SumValidation" name="sumOfCourses" time="1.032"/>
  <system-out/>
</testsuite> <!-- demo.SumValidation -->
